<?xml version="1.0" encoding="UTF-8"?>
<!-- Generated by org.testng.reporters.JUnitReportReporter -->
<testsuite skipped="0" hostname="DESKTOP-3S3P68U" name="com.ClearTrip.Tests.SearchandSelectFlightTest" tests="2" failures="0" timestamp="21 Mar 2020 08:46:13 GMT" time="6.018" errors="0">
  <testcase name="clearTripSearchFlight" time="5.910" classname="com.ClearTrip.Tests.SearchandSelectFlightTest"/>
  <testcase name="clearTripSelectFlight" time="0.108" classname="com.ClearTrip.Tests.SearchandSelectFlightTest"/>
</testsuite> <!-- com.ClearTrip.Tests.SearchandSelectFlightTest -->
