<?xml version="1.0" encoding="UTF-8"?>
<!-- Generated by org.testng.reporters.JUnitReportReporter -->
<testsuite skipped="0" hostname="DESKTOP-3S3P68U" name="com.ClearTrip.Tests.SearchandSelectFlightTest" tests="2" failures="0" timestamp="26 Jul 2020 14:28:10 GMT" time="6.794" errors="0">
  <testcase name="clearTripSearchFlight" time="6.149" classname="com.ClearTrip.Tests.SearchandSelectFlightTest"/>
  <testcase name="clearTripSelectFlight" time="0.645" classname="com.ClearTrip.Tests.SearchandSelectFlightTest"/>
</testsuite> <!-- com.ClearTrip.Tests.SearchandSelectFlightTest -->
